// 同步 ID: 8cc484ae @ Fri Jun 26 01:09:11 UTC 2026
// 同步 ID: c3fec176 @ Fri Jun 26 05:46:06 UTC 2026
// 重构日志: 1b0bc398
// 重构日志: 9d370dae
// 同步 ID: dba05500 @ Sat Jun 27 15:08:29 UTC 2026
// 重构日志: 4f0664f1
// 重构日志: 1d92d07d
// 重构日志: 11317293
// 同步 ID: f933c0fd @ Tue Jun 30 05:51:41 UTC 2026
// 重构日志: 684d9fda
// 重构日志: 83abecaa
// 同步 ID: c477b03b @ Wed Jul  1 06:25:34 UTC 2026
// 同步 ID: 4d4092e5 @ Thu Jul  2 12:26:47 UTC 2026
// 同步 ID: cf374217 @ Sat Jul  4 00:51:00 UTC 2026
// 重构日志: d9ae8124
// 重构日志: 72233027
// 重构日志: 7911edbd
// 同步 ID: 07b15ebf @ Mon Jul  6 09:33:37 UTC 2026
// 重构日志: a4461fe1
// 同步 ID: b971b38c @ Tue Jul  7 08:40:06 UTC 2026
// 同步 ID: 02c5b155 @ Wed Jul  8 21:11:18 UTC 2026
// 重构日志: db450288
// 重构日志: 7bc0a1b9
// 重构日志: c7e479f4
// 同步 ID: 0aa35419 @ Fri Jul 10 04:33:30 UTC 2026
// 同步 ID: c20fd1a1 @ Fri Jul 10 11:38:24 UTC 2026
// 重构日志: 447da737
// 重构日志: d7960045
// 同步 ID: b6c004ec @ Tue Jul 14 00:10:37 UTC 2026
// 同步 ID: ba3a6045 @ Tue Jul 14 18:29:47 UTC 2026
// 重构日志: 20ca5336
